#-----------------------------------------------------------
# Webtalk v2019.1 (64-bit)
# SW Build 2552052 on Fri May 24 14:49:42 MDT 2019
# 
# Start of session at: Sun Aug 13 12:59:25 2023
# Process ID: 7512
# Current directory: E:/1079/v10_dma_uart/webtalk
# Command line: wbtcv.exe -mode batch -source sdk_webtalk.tcl
# Log file: E:/1079/v10_dma_uart/webtalk/webtalk.log
# Journal file: E:/1079/v10_dma_uart/webtalk\webtalk.jou
#-----------------------------------------------------------
source sdk_webtalk.tcl
# webtalk_init -webtalk_dir E:\\1079\\v10_dma_uart\\webtalk
# webtalk_register_client -client project
# webtalk_add_data -client project -key date_generated -value "2023-08-13 12:59:24" -context "software_version_and_target_device"
# webtalk_add_data -client project -key product_version -value "SDK v2019.1" -context "software_version_and_target_device"
# webtalk_add_data -client project -key build_version -value "2019.1" -context "software_version_and_target_device"
# webtalk_add_data -client project -key os_platform -value "amd64" -context "software_version_and_target_device"
# webtalk_add_data -client project -key registration_id -value "" -context "software_version_and_target_device"
# webtalk_add_data -client project -key tool_flow -value "SDK" -context "software_version_and_target_device"
# webtalk_add_data -client project -key beta -value "false" -context "software_version_and_target_device"
# webtalk_add_data -client project -key route_design -value "NA" -context "software_version_and_target_device"
# webtalk_add_data -client project -key target_family -value "NA" -context "software_version_and_target_device"
# webtalk_add_data -client project -key target_device -value "NA" -context "software_version_and_target_device"
# webtalk_add_data -client project -key target_package -value "NA" -context "software_version_and_target_device"
# webtalk_add_data -client project -key target_speed -value "NA" -context "software_version_and_target_device"
# webtalk_add_data -client project -key random_id -value "g3tb58bj1nho764c1vd8c3slnq" -context "software_version_and_target_device"
# webtalk_add_data -client project -key project_id -value "2019.1_43" -context "software_version_and_target_device"
# webtalk_add_data -client project -key project_iteration -value "43" -context "software_version_and_target_device"
# webtalk_add_data -client project -key os_name -value "Microsoft Windows 8 or later , 64-bit" -context "user_environment"
# webtalk_add_data -client project -key os_release -value "major release  (build 9200)" -context "user_environment"
# webtalk_add_data -client project -key cpu_name -value "12th Gen Intel(R) Core(TM) i7-1260P" -context "user_environment"
# webtalk_add_data -client project -key cpu_speed -value "2496 MHz" -context "user_environment"
# webtalk_add_data -client project -key total_processors -value "1" -context "user_environment"
# webtalk_add_data -client project -key system_ram -value "16.840 GB" -context "user_environment"
# webtalk_register_client -client sdk
# webtalk_add_data -client sdk -key uid -value "1691901410040" -context "sdk\\\\bsp/1691901410040"
# webtalk_add_data -client sdk -key hwid -value "1689139624229" -context "sdk\\\\bsp/1691901410040"
# webtalk_add_data -client sdk -key os -value "standalone" -context "sdk\\\\bsp/1691901410040"
# webtalk_add_data -client sdk -key apptemplate -value "hello_world" -context "sdk\\\\bsp/1691901410040"
# webtalk_add_data -client sdk -key RecordType -value "BSPCreation" -context "sdk\\\\bsp/1691901410040"
# webtalk_add_data -client sdk -key uid -value "1691901411860" -context "sdk\\\\application/1691901411860"
# webtalk_add_data -client sdk -key hwid -value "1689139624229" -context "sdk\\\\application/1691901411860"
# webtalk_add_data -client sdk -key bspid -value "1691901410040" -context "sdk\\\\application/1691901411860"
# webtalk_add_data -client sdk -key newbsp -value "true" -context "sdk\\\\application/1691901411860"
# webtalk_add_data -client sdk -key os -value "standalone" -context "sdk\\\\application/1691901411860"
# webtalk_add_data -client sdk -key apptemplate -value "hello_world" -context "sdk\\\\application/1691901411860"
# webtalk_add_data -client sdk -key RecordType -value "APPCreation" -context "sdk\\\\application/1691901411860"
# webtalk_add_data -client sdk -key LangUsed -value "C" -context "sdk\\\\application/1691901411860"
# webtalk_add_data -client sdk -key Procused -value "microblaze" -context "sdk\\\\application/1691901411860"
# webtalk_add_data -client sdk -key uid -value "NA" -context "sdk\\\\bsp/1691902764117"
# webtalk_add_data -client sdk -key RecordType -value "ToolUsage" -context "sdk\\\\bsp/1691902764117"
# webtalk_add_data -client sdk -key BootgenCount -value "0" -context "sdk\\\\bsp/1691902764117"
# webtalk_add_data -client sdk -key DebugCount -value "6" -context "sdk\\\\bsp/1691902764117"
# webtalk_add_data -client sdk -key PerfCount -value "0" -context "sdk\\\\bsp/1691902764117"
# webtalk_add_data -client sdk -key FlashCount -value "0" -context "sdk\\\\bsp/1691902764117"
# webtalk_add_data -client sdk -key CrossTriggCount -value "0" -context "sdk\\\\bsp/1691902764117"
# webtalk_add_data -client sdk -key QemuDebugCount -value "0" -context "sdk\\\\bsp/1691902764117"
# webtalk_transmit -clientid 2392349379 -regid "" -xml E:\\1079\\v10_dma_uart\\webtalk\\usage_statistics_ext_sdk.xml -html E:\\1079\\v10_dma_uart\\webtalk\\usage_statistics_ext_sdk.html -wdm E:\\1079\\v10_dma_uart\\webtalk\\sdk_webtalk.wdm -intro "<H3>SDK Usage Report</H3><BR>"
# webtalk_terminate
INFO: [Common 17-206] Exiting Webtalk at Sun Aug 13 12:59:29 2023...
