#-----------------------------------------------------------
# Webtalk v2019.1 (64-bit)
# SW Build 2552052 on Fri May 24 14:49:42 MDT 2019
# 
# Start of session at: Wed Jul 12 14:50:18 2023
# Process ID: 15016
# Current directory: F:/1079test/v7_07_dma_test/v10_dma_uart/webtalk
# Command line: wbtcv.exe -mode batch -source sdk_webtalk.tcl
# Log file: F:/1079test/v7_07_dma_test/v10_dma_uart/webtalk/webtalk.log
# Journal file: F:/1079test/v7_07_dma_test/v10_dma_uart/webtalk\webtalk.jou
#-----------------------------------------------------------
source sdk_webtalk.tcl
# webtalk_init -webtalk_dir F:\\1079test\\v7_07_dma_test\\v10_dma_uart\\webtalk
# webtalk_register_client -client project
# webtalk_add_data -client project -key date_generated -value "2023-07-12 14:50:17" -context "software_version_and_target_device"
# webtalk_add_data -client project -key product_version -value "SDK v2019.1" -context "software_version_and_target_device"
# webtalk_add_data -client project -key build_version -value "2019.1" -context "software_version_and_target_device"
# webtalk_add_data -client project -key os_platform -value "amd64" -context "software_version_and_target_device"
# webtalk_add_data -client project -key registration_id -value "" -context "software_version_and_target_device"
# webtalk_add_data -client project -key tool_flow -value "SDK" -context "software_version_and_target_device"
# webtalk_add_data -client project -key beta -value "false" -context "software_version_and_target_device"
# webtalk_add_data -client project -key route_design -value "NA" -context "software_version_and_target_device"
# webtalk_add_data -client project -key target_family -value "NA" -context "software_version_and_target_device"
# webtalk_add_data -client project -key target_device -value "NA" -context "software_version_and_target_device"
# webtalk_add_data -client project -key target_package -value "NA" -context "software_version_and_target_device"
# webtalk_add_data -client project -key target_speed -value "NA" -context "software_version_and_target_device"
# webtalk_add_data -client project -key random_id -value "dk6ih0eo6lve8kpqg4estck2om" -context "software_version_and_target_device"
# webtalk_add_data -client project -key project_id -value "2019.1_40" -context "software_version_and_target_device"
# webtalk_add_data -client project -key project_iteration -value "40" -context "software_version_and_target_device"
# webtalk_add_data -client project -key os_name -value "Microsoft Windows 8 or later , 64-bit" -context "user_environment"
# webtalk_add_data -client project -key os_release -value "major release  (build 9200)" -context "user_environment"
# webtalk_add_data -client project -key cpu_name -value "11th Gen Intel(R) Core(TM) i5-1135G7 @ 2.40GHz" -context "user_environment"
# webtalk_add_data -client project -key cpu_speed -value "2419 MHz" -context "user_environment"
# webtalk_add_data -client project -key total_processors -value "1" -context "user_environment"
# webtalk_add_data -client project -key system_ram -value "16.863 GB" -context "user_environment"
# webtalk_register_client -client sdk
# webtalk_add_data -client sdk -key uid -value "1689139624229" -context "sdk\\\\hardware/1689139624229"
# webtalk_add_data -client sdk -key isZynq -value "false" -context "sdk\\\\hardware/1689139624229"
# webtalk_add_data -client sdk -key isZynqMP -value "false" -context "sdk\\\\hardware/1689139624229"
# webtalk_add_data -client sdk -key Processors -value "1" -context "sdk\\\\hardware/1689139624229"
# webtalk_add_data -client sdk -key VivadoVersion -value "2019.1" -context "sdk\\\\hardware/1689139624229"
# webtalk_add_data -client sdk -key Arch -value "virtex7" -context "sdk\\\\hardware/1689139624229"
# webtalk_add_data -client sdk -key Device -value "7vx690t" -context "sdk\\\\hardware/1689139624229"
# webtalk_add_data -client sdk -key IsHandoff -value "true" -context "sdk\\\\hardware/1689139624229"
# webtalk_add_data -client sdk -key os -value "NA" -context "sdk\\\\hardware/1689139624229"
# webtalk_add_data -client sdk -key apptemplate -value "NA" -context "sdk\\\\hardware/1689139624229"
# webtalk_add_data -client sdk -key RecordType -value "HWCreation" -context "sdk\\\\hardware/1689139624229"
# webtalk_add_data -client sdk -key uid -value "1689139631122" -context "sdk\\\\bsp/1689139631122"
# webtalk_add_data -client sdk -key hwid -value "1689139624229" -context "sdk\\\\bsp/1689139631122"
# webtalk_add_data -client sdk -key os -value "standalone" -context "sdk\\\\bsp/1689139631122"
# webtalk_add_data -client sdk -key apptemplate -value "hello_world" -context "sdk\\\\bsp/1689139631122"
# webtalk_add_data -client sdk -key RecordType -value "BSPCreation" -context "sdk\\\\bsp/1689139631122"
# webtalk_add_data -client sdk -key uid -value "1689139633919" -context "sdk\\\\application/1689139633919"
# webtalk_add_data -client sdk -key hwid -value "1689139624229" -context "sdk\\\\application/1689139633919"
# webtalk_add_data -client sdk -key bspid -value "1689139631122" -context "sdk\\\\application/1689139633919"
# webtalk_add_data -client sdk -key newbsp -value "true" -context "sdk\\\\application/1689139633919"
# webtalk_add_data -client sdk -key os -value "standalone" -context "sdk\\\\application/1689139633919"
# webtalk_add_data -client sdk -key apptemplate -value "hello_world" -context "sdk\\\\application/1689139633919"
# webtalk_add_data -client sdk -key RecordType -value "APPCreation" -context "sdk\\\\application/1689139633919"
# webtalk_add_data -client sdk -key LangUsed -value "C" -context "sdk\\\\application/1689139633919"
# webtalk_add_data -client sdk -key Procused -value "microblaze" -context "sdk\\\\application/1689139633919"
# webtalk_add_data -client sdk -key projSize -value "112.55078125" -context "sdk\\\\application/1689139633919"
# webtalk_add_data -client sdk -key uid -value "NA" -context "sdk\\\\bsp/1689144617113"
# webtalk_add_data -client sdk -key RecordType -value "ToolUsage" -context "sdk\\\\bsp/1689144617113"
# webtalk_add_data -client sdk -key BootgenCount -value "0" -context "sdk\\\\bsp/1689144617113"
# webtalk_add_data -client sdk -key DebugCount -value "7" -context "sdk\\\\bsp/1689144617113"
# webtalk_add_data -client sdk -key PerfCount -value "0" -context "sdk\\\\bsp/1689144617113"
# webtalk_add_data -client sdk -key FlashCount -value "0" -context "sdk\\\\bsp/1689144617113"
# webtalk_add_data -client sdk -key CrossTriggCount -value "0" -context "sdk\\\\bsp/1689144617113"
# webtalk_add_data -client sdk -key QemuDebugCount -value "0" -context "sdk\\\\bsp/1689144617113"
# webtalk_transmit -clientid 3208461581 -regid "" -xml F:\\1079test\\v7_07_dma_test\\v10_dma_uart\\webtalk\\usage_statistics_ext_sdk.xml -html F:\\1079test\\v7_07_dma_test\\v10_dma_uart\\webtalk\\usage_statistics_ext_sdk.html -wdm F:\\1079test\\v7_07_dma_test\\v10_dma_uart\\webtalk\\sdk_webtalk.wdm -intro "<H3>SDK Usage Report</H3><BR>"
webtalk_transmit: Time (s): cpu = 00:00:00 ; elapsed = 00:00:06 . Memory (MB): peak = 91.598 ; gain = 0.000
# webtalk_terminate
INFO: [Common 17-206] Exiting Webtalk at Wed Jul 12 14:50:25 2023...
