16:11:16 **** Auto Build of configuration Debug for project dmauart ****
make all 
'Building file: ../src/fat/ff.c'
'Invoking: MicroBlaze gcc compiler'
mb-gcc -Wall -O0 -g3 -c -fmessage-length=0 -MT"src/fat/ff.o" -I../../dmauart_bsp/microblaze_1/include -mlittle-endian -mcpu=v11.0 -mxl-soft-mul -Wl,--no-relax -ffunction-sections -fdata-sections -MMD -MP -MF"src/fat/ff.d" -MT"src/fat/ff.o" -o "src/fat/ff.o" "../src/fat/ff.c"
../src/fat/ff.c: In function 'create_chain':
../src/fat/ff.c:1624:5: warning: implicit declaration of function 'xil_printf'; did you mean 'f_printf'? [-Wimplicit-function-declaration]
     xil_printf("wfeng: fun = %s, line = %d\n", __func__, __LINE__);
     ^~~~~~~~~~
     f_printf
../src/fat/ff.c: In function 'f_mkfs':
../src/fat/ff.c:6242:14: warning: passing argument 2 of 'memcpy' makes pointer from integer without a cast [-Wint-conversion]
   memcpy(buf,0x80000000,SECTORSIZE*1);
              ^~~~~~~~~~
In file included from ../src/fat/ff.c:22:
d:\vivado2019\sdk\2019.1\gnu\microblaze\nt\microblaze-xilinx-elf\include\string.h:31:9: note: expected 'const void * restrict' but argument is of type 'unsigned int'
 void *  memcpy (void *__restrict, const void *__restrict, size_t);
         ^~~~~~
../src/fat/ff.c:6687:15: warning: passing argument 2 of 'memcpy' makes pointer from integer without a cast [-Wint-conversion]
    memcpy(buf,0x80000000,SECTORSIZE*1);
               ^~~~~~~~~~
In file included from ../src/fat/ff.c:22:
d:\vivado2019\sdk\2019.1\gnu\microblaze\nt\microblaze-xilinx-elf\include\string.h:31:9: note: expected 'const void * restrict' but argument is of type 'unsigned int'
 void *  memcpy (void *__restrict, const void *__restrict, size_t);
         ^~~~~~
../src/fat/ff.c: In function 'my_fcopy':
../src/fat/ff.c:7424:13: warning: implicit declaration of function 'wjq_malloc_m'; did you mean '_malloc_r'? [-Wimplicit-function-declaration]
  fsrc=(FIL*)wjq_malloc_m(sizeof(FIL));//Áî≥ËØ∑ÂÜÖÂ≠ò
             ^~~~~~~~~~~~
             _malloc_r
../src/fat/ff.c:7456:4: warning: implicit declaration of function 'wjq_free_m'; did you mean '_free_r'? [-Wimplicit-function-declaration]
    wjq_free_m(fsrc);
    ^~~~~~~~~~
    _free_r
../src/fat/ff.c: In function 'my_dcopy':
../src/fat/ff.c:7496:20: warning: assignment to 'u8 *' {aka 'unsigned char *'} from 'int' makes pointer from integer without a cast [-Wint-conversion]
         srcpathname=wjq_malloc_m((FF_LFN_BUF+1)*2);        // Áî≥ËØ∑ srcpathnameÂÜÖÂ≠ò
                    ^
../src/fat/ff.c:7497:20: warning: assignment to 'u8 *' {aka 'unsigned char *'} from 'int' makes pointer from integer without a cast [-Wint-conversion]
         dstpathname=wjq_malloc_m((FF_LFN_BUF+1)*2);        // Áî≥ËØ∑dstpathnameÂÜÖÂ≠ò
                    ^
../src/fat/ff.c:7509:34: warning: pointer targets in passing argument 1 of 'get_src_dname' differ in signedness [-Wpointer-sign]
                 fn=get_src_dname(psrc);
                                  ^~~~
../src/fat/ff.c:7463:5: note: expected 'BYTE *' {aka 'unsigned char *'} but argument is of type 'TCHAR *' {aka 'char *'}
 u8* get_src_dname(BYTE* dpfn)
     ^~~~~~~~~~~~~
../src/fat/ff.c:7534:55: warning: pointer targets in passing argument 1 of 'my_dcopy' differ in signedness [-Wpointer-sign]
                                 res=(FRESULT)my_dcopy(srcpathname,dstpathname,fwmode);         // Êã∑Ë¥ùÊñá‰ª∂Â§?
                                                       ^~~~~~~~~~~
../src/fat/ff.c:7478:9: note: expected 'TCHAR *' {aka 'char *'} but argument is of type 'u8 *' {aka 'unsigned char *'}
 FRESULT my_dcopy(TCHAR *psrc,TCHAR *pdst,u8 fwmode)
         ^~~~~~~~
../src/fat/ff.c:7534:67: warning: pointer targets in passing argument 2 of 'my_dcopy' differ in signedness [-Wpointer-sign]
                                 res=(FRESULT)my_dcopy(srcpathname,dstpathname,fwmode);         // Êã∑Ë¥ùÊñá‰ª∂Â§?
                                                                   ^~~~~~~~~~~
../src/fat/ff.c:7478:9: note: expected 'TCHAR *' {aka 'char *'} but argument is of type 'u8 *' {aka 'unsigned char *'}
 FRESULT my_dcopy(TCHAR *psrc,TCHAR *pdst,u8 fwmode)
         ^~~~~~~~
../src/fat/ff.c:7539:42: warning: pointer targets in passing argument 1 of 'my_fcopy' differ in signedness [-Wpointer-sign]
                                 my_fcopy(srcpathname,dstpathname,fwmode);         // Êã∑Ë¥ùÊñá‰ª∂Â§?
                                          ^~~~~~~~~~~
../src/fat/ff.c:7415:9: note: expected 'TCHAR *' {aka 'char *'} but argument is of type 'u8 *' {aka 'unsigned char *'}
 FRESULT my_fcopy(TCHAR *psrc,TCHAR *pdst,u8 fwmode)
         ^~~~~~~~
../src/fat/ff.c:7539:54: warning: pointer targets in passing argument 2 of 'my_fcopy' differ in signedness [-Wpointer-sign]
                                 my_fcopy(srcpathname,dstpathname,fwmode);         // Êã∑Ë¥ùÊñá‰ª∂Â§?
                                                      ^~~~~~~~~~~
../src/fat/ff.c:7415:9: note: expected 'TCHAR *' {aka 'char *'} but argument is of type 'u8 *' {aka 'unsigned char *'}
 FRESULT my_fcopy(TCHAR *psrc,TCHAR *pdst,u8 fwmode)
         ^~~~~~~~
../src/fat/ff.c: In function 'scan_files':
../src/fat/ff.c:7569:6: warning: implicit declaration of function 'sprintf' [-Wimplicit-function-declaration]
      sprintf(&path[i], "/%s", fno.fname);
      ^~~~~~~
../src/fat/ff.c:7569:6: warning: incompatible implicit declaration of built-in function 'sprintf'
../src/fat/ff.c:7569:6: note: include '<stdio.h>' or provide a declaration of 'sprintf'
../src/fat/ff.c:26:1:
+#include <stdio.h>
 #define MAX_PATHNAME_DEPTH  512+1 //
../src/fat/ff.c:7569:6:
      sprintf(&path[i], "/%s", fno.fname);
      ^~~~~~~
../src/fat/ff.c: In function 'DestroyList':
../src/fat/ff.c:7615:3: warning: implicit declaration of function 'wjq_free_t'; did you mean '_free_r'? [-Wimplicit-function-declaration]
   wjq_free_t(curNode);
   ^~~~~~~~~~
   _free_r
../src/fat/ff.c: In function 'record_struct_of_Dir_and_File':
../src/fat/ff.c:7689:24: warning: pointer targets in passing argument 2 of 'f_opendir' differ in signedness [-Wpointer-sign]
  res = f_opendir(&dir, path);                       /* Open the directory */
                        ^~~~
../src/fat/ff.c:4874:9: note: expected 'const TCHAR *' {aka 'const char *'} but argument is of type 'BYTE *' {aka 'unsigned char *'}
 FRESULT f_opendir (
         ^~~~~~~~~
../src/fat/ff.c:7696:16: warning: pointer targets in passing argument 1 of 'strlen' differ in signedness [-Wpointer-sign]
     i = strlen(path);
                ^~~~
In file included from ../src/fat/ff.c:22:
d:\vivado2019\sdk\2019.1\gnu\microblaze\nt\microblaze-xilinx-elf\include\string.h:41:9: note: expected 'const char *' but argument is of type 'BYTE *' {aka 'unsigned char *'}
 size_t  strlen (const char *);
         ^~~~~~
../src/fat/ff.c:7697:5: warning: incompatible implicit declaration of built-in function 'sprintf'
     sprintf(&path[i], "/%s", fno.fname);
     ^~~~~~~
../src/fat/ff.c:7697:5: note: include '<stdio.h>' or provide a declaration of 'sprintf'
../src/fat/ff.c:7697:13: warning: pointer targets in passing argument 1 of 'sprintf' differ in signedness [-Wpointer-sign]
     sprintf(&path[i], "/%s", fno.fname);
             ^~~~~~~~
../src/fat/ff.c:7697:13: note: expected 'char *' but argument is of type 'BYTE *' {aka 'unsigned char *'}
../src/fat/ff.c:7702:21: warning: passing argument 1 of 'strcpy' from incompatible pointer type [-Wincompatible-pointer-types]
     strcpy(NODE.data.name,path);
            ~~~~~~~~~^~~~~
In file included from ../src/fat/ff.c:22:
d:\vivado2019\sdk\2019.1\gnu\microblaze\nt\microblaze-xilinx-elf\include\string.h:38:8: note: expected 'char * restrict' but argument is of type 'u16 *' {aka 'short unsigned int *'}
 char  *strcpy (char *__restrict, const char *__restrict);
        ^~~~~~
../src/fat/ff.c:7702:27: warning: pointer targets in passing argument 2 of 'strcpy' differ in signedness [-Wpointer-sign]
     strcpy(NODE.data.name,path);
                           ^~~~
In file included from ../src/fat/ff.c:22:
d:\vivado2019\sdk\2019.1\gnu\microblaze\nt\microblaze-xilinx-elf\include\string.h:38:8: note: expected 'const char * restrict' but argument is of type 'BYTE *' {aka 'unsigned char *'}
 char  *strcpy (char *__restrict, const char *__restrict);
        ^~~~~~
../src/fat/ff.c:7715:5: warning: incompatible implicit declaration of built-in function 'sprintf'
     sprintf(filename,"%s/%s", path, fno.fname);
     ^~~~~~~
../src/fat/ff.c:7715:5: note: include '<stdio.h>' or provide a declaration of 'sprintf'
../src/fat/ff.c:7720:21: warning: passing argument 1 of 'strcpy' from incompatible pointer type [-Wincompatible-pointer-types]
     strcpy(NODE.data.name,filename);
            ~~~~~~~~~^~~~~
In file included from ../src/fat/ff.c:22:
d:\vivado2019\sdk\2019.1\gnu\microblaze\nt\microblaze-xilinx-elf\include\string.h:38:8: note: expected 'char * restrict' but argument is of type 'u16 *' {aka 'short unsigned int *'}
 char  *strcpy (char *__restrict, const char *__restrict);
        ^~~~~~
../src/fat/ff.c: At top level:
../src/fat/ff.c:7734:9: error: conflicting types for 'get_Dir_size'
 FRESULT get_Dir_size(BYTE *path,uint64_t*size)
         ^~~~~~~~~~~~
In file included from ../src/fat/ff.c:23:
../src/fat/ff.h:368:9: note: previous declaration of 'get_Dir_size' was here
 FRESULT get_Dir_size(const BYTE *path,uint64_t*size);                  /* ªÒ»°ƒø¬ºµƒ¥Û–° */
         ^~~~~~~~~~~~
../src/fat/ff.c: In function 'get_Dir_size':
../src/fat/ff.c:7743:24: warning: pointer targets in passing argument 2 of 'f_opendir' differ in signedness [-Wpointer-sign]
  res = f_opendir(&dir, path);                       /* Open the directory */
                        ^~~~
../src/fat/ff.c:4874:9: note: expected 'const TCHAR *' {aka 'const char *'} but argument is of type 'BYTE *' {aka 'unsigned char *'}
 FRESULT f_opendir (
         ^~~~~~~~~
../src/fat/ff.c:7749:16: warning: pointer targets in passing argument 1 of 'strlen' differ in signedness [-Wpointer-sign]
     i = strlen(path);
                ^~~~
In file included from ../src/fat/ff.c:22:
d:\vivado2019\sdk\2019.1\gnu\microblaze\nt\microblaze-xilinx-elf\include\string.h:41:9: note: expected 'const char *' but argument is of type 'BYTE *' {aka 'unsigned char *'}
 size_t  strlen (const char *);
         ^~~~~~
../src/fat/ff.c:7750:5: warning: incompatible implicit declaration of built-in function 'sprintf'
     sprintf(&path[i], "/%s", fno.fname);
     ^~~~~~~
../src/fat/ff.c:7750:5: note: include '<stdio.h>' or provide a declaration of 'sprintf'
../src/fat/ff.c:7750:13: warning: pointer targets in passing argument 1 of 'sprintf' differ in signedness [-Wpointer-sign]
     sprintf(&path[i], "/%s", fno.fname);
             ^~~~~~~~
../src/fat/ff.c:7750:13: note: expected 'char *' but argument is of type 'BYTE *' {aka 'unsigned char *'}
../src/fat/ff.c:7759:5: warning: incompatible implicit declaration of built-in function 'sprintf'
     sprintf(filename,"%s/%s", path, fno.fname);
     ^~~~~~~
../src/fat/ff.c:7759:5: note: include '<stdio.h>' or provide a declaration of 'sprintf'
../src/fat/ff.c: In function 'Num_of_Dir_and_File':
../src/fat/ff.c:7789:27: warning: pointer targets in passing argument 2 of 'f_opendir' differ in signedness [-Wpointer-sign]
     res = f_opendir(&dir, path);                       /* Open the directory */
                           ^~~~
../src/fat/ff.c:4874:9: note: expected 'const TCHAR *' {aka 'const char *'} but argument is of type 'BYTE *' {aka 'unsigned char *'}
 FRESULT f_opendir (
         ^~~~~~~~~
../src/fat/ff.c:7795:16: warning: pointer targets in passing argument 1 of 'strlen' differ in signedness [-Wpointer-sign]
     i = strlen(path);
                ^~~~
In file included from ../src/fat/ff.c:22:
d:\vivado2019\sdk\2019.1\gnu\microblaze\nt\microblaze-xilinx-elf\include\string.h:41:9: note: expected 'const char *' but argument is of type 'BYTE *' {aka 'unsigned char *'}
 size_t  strlen (const char *);
         ^~~~~~
../src/fat/ff.c:7796:5: warning: incompatible implicit declaration of built-in function 'sprintf'
     sprintf(&path[i], "/%s", fno.fname);
     ^~~~~~~
../src/fat/ff.c:7796:5: note: include '<stdio.h>' or provide a declaration of 'sprintf'
../src/fat/ff.c:7796:13: warning: pointer targets in passing argument 1 of 'sprintf' differ in signedness [-Wpointer-sign]
     sprintf(&path[i], "/%s", fno.fname);
             ^~~~~~~~
../src/fat/ff.c:7796:13: note: expected 'char *' but argument is of type 'BYTE *' {aka 'unsigned char *'}
../src/fat/ff.c: In function 'get_path_dname':
../src/fat/ff.c:7831:8: warning: pointer targets in assignment from 'char *' to 'u8 *' {aka 'unsigned char *'} differ in signedness [-Wpointer-sign]
     des="";
        ^
../src/fat/ff.c: In function 'Storage_state1':
../src/fat/ff.c:7845:17: warning: passing argument 2 of 'f_getfree' from incompatible pointer type [-Wincompatible-pointer-types]
   f_getfree("", &free_clust, &fs);
                 ^~~~~~~~~~~
../src/fat/ff.c:5095:9: note: expected 'DWORD *' {aka 'long unsigned int *'} but argument is of type 'QWORD *' {aka 'long long unsigned int *'}
  DWORD* nclst,  /* Pointer to a variable to return number of free clusters */
  ~~~~~~~^~~~~
../src/fat/ff.c:7858:28: warning: pointer targets in passing argument 1 of 'Num_of_Dir_and_File' differ in signedness [-Wpointer-sign]
   res=Num_of_Dir_and_File ("",&file_num,&dir_num,0);
                            ^~
../src/fat/ff.c:7782:9: note: expected 'BYTE *' {aka 'unsigned char *'} but argument is of type 'char *'
 FRESULT Num_of_Dir_and_File (BYTE *path,DWORD *file_num,DWORD *dir_num,uint8_t mode)
         ^~~~~~~~~~~~~~~~~~~
../src/fat/ff.c:7858:31: warning: passing argument 2 of 'Num_of_Dir_and_File' from incompatible pointer type [-Wincompatible-pointer-types]
   res=Num_of_Dir_and_File ("",&file_num,&dir_num,0);
                               ^~~~~~~~~
../src/fat/ff.c:7782:48: note: expected 'DWORD *' {aka 'long unsigned int *'} but argument is of type 'int *'
 FRESULT Num_of_Dir_and_File (BYTE *path,DWORD *file_num,DWORD *dir_num,uint8_t mode)
                                         ~~~~~~~^~~~~~~~
../src/fat/ff.c:7858:41: warning: passing argument 3 of 'Num_of_Dir_and_File' from incompatible pointer type [-Wincompatible-pointer-types]
   res=Num_of_Dir_and_File ("",&file_num,&dir_num,0);
                                         ^~~~~~~~
../src/fat/ff.c:7782:64: note: expected 'DWORD *' {aka 'long unsigned int *'} but argument is of type 'int *'
 FRESULT Num_of_Dir_and_File (BYTE *path,DWORD *file_num,DWORD *dir_num,uint8_t mode)
                                                         ~~~~~~~^~~~~~~
../src/fat/ff.c: In function 'Storage_state2':
../src/fat/ff.c:7875:10: warning: unused variable 'Fs' [-Wunused-variable]
   FATFS *Fs=&fs;
          ^~
make: *** [src/fat/subdir.mk:29: src/fat/ff.o] Error 1

16:11:16 Build Finished (took 363ms)

